Arguments: 
  C:\Program Files\nodejs\node.exe C:\Users\resam\AppData\Roaming\npm\node_modules\yarn\bin\yarn.js init

PATH: 
  C:\Program Files\Microsoft\jdk-11.0.20.8-hotspot\bin;C:\Program Files (x86)\Common Files\Intel\Shared Files\cpp\bin\Intel64;C:\WINDOWS\system32;C:\WINDOWS;C:\WINDOWS\System32\Wbem;C:\WINDOWS\System32\WindowsPowerShell\v1.0\;C:\WINDOWS\System32\OpenSSH\;C:\Program Files\Git\cmd;C:\Program Files\Git LFS;C:\Program Files\PostgreSQL\15\bin;C:\Program Files\Memurai\;C:\Program Files\Cloudflare\Cloudflare WARP\;C:\Program Files\Go\bin;C:\laragon\bin\php\php-8.1.10-Win32-vs16-x64;C:\ProgramData\ComposerSetup\bin;C:\ProgramData\chocolatey\bin;C:\Program Files\nodejs\;C:\Program Files\Docker\Docker\resources\bin;C:\Program Files\RedHat\Podman\;C:\Users\resam\AppData\Local\Programs\Python\Python310\Scripts\;C:\Users\resam\AppData\Local\Programs\Python\Python310\;C:\Users\resam\AppData\Local\Microsoft\WindowsApps;C:\Users\resam\AppData\Local\Programs\Microsoft VS Code\bin;C:\Program Files\PostgreSQL\15\lib;C:\Program Files\PostgreSQL\15\bin;C:\Users\resam\go\bin;C:\Users\resam\.fly\bin;C:\Users\resam\AppData\Roaming\Composer\vendor\bin;C:\Users\resam\AppData\Local\Android\Sdk\platform-tools;C:\Program Files\protoc\bin;C:\Users\resam\AppData\Roaming\npm

Yarn version: 
  1.22.19

Node version: 
  20.10.0

Platform: 
  win32 x64

Trace: 
  Error: canceled
      at Interface.<anonymous> (C:\Users\resam\AppData\Roaming\npm\node_modules\yarn\lib\cli.js:137150:13)
      at Interface.emit (node:events:514:28)
      at [_ttyWrite] [as _ttyWrite] (node:internal/readline/interface:1125:18)
      at ReadStream.onkeypress (node:internal/readline/interface:264:20)
      at ReadStream.emit (node:events:514:28)
      at emitKeys (node:internal/readline/utils:371:14)
      at emitKeys.next (<anonymous>)
      at ReadStream.onData (node:internal/readline/emitKeypressEvents:64:36)
      at ReadStream.emit (node:events:514:28)
      at addChunk (node:internal/streams/readable:545:12)

npm manifest: 
  No manifest

yarn manifest: 
  No manifest

Lockfile: 
  No lockfile
